<?xml version="1.0" encoding="UTF-8"?>
<testng-results ignored="0" total="1" passed="1" failed="0" skipped="0">
  <reporter-output>
  </reporter-output>
  <suite started-at="2023-12-28T15:07:01 IST" name="Default suite" finished-at="2023-12-28T15:07:07 IST" duration-ms="6273">
    <groups>
    </groups>
    <test started-at="2023-12-28T15:07:01 IST" name="Default test" finished-at="2023-12-28T15:07:07 IST" duration-ms="6273">
      <class name="com.make.time.count.A">
        <test-method is-config="true" signature="openBrowser()[pri:0, instance:com.make.time.count.A@3b96c42e]" started-at="2023-12-28T15:06:56 IST" name="openBrowser" finished-at="2023-12-28T15:07:01 IST" duration-ms="4611" status="PASS">
          <reporter-output>
          </reporter-output>
        </test-method> <!-- openBrowser -->
        <test-method is-config="true" signature="enterUrl()[pri:0, instance:com.make.time.count.A@3b96c42e]" started-at="2023-12-28T15:07:01 IST" name="enterUrl" finished-at="2023-12-28T15:07:06 IST" duration-ms="4530" status="PASS">
          <reporter-output>
          </reporter-output>
        </test-method> <!-- enterUrl -->
        <test-method is-config="true" signature="maximizeScreen()[pri:0, instance:com.make.time.count.A@3b96c42e]" started-at="2023-12-28T15:07:06 IST" name="maximizeScreen" finished-at="2023-12-28T15:07:06 IST" duration-ms="153" status="PASS">
          <reporter-output>
          </reporter-output>
        </test-method> <!-- maximizeScreen -->
        <test-method is-config="true" signature="timeout()[pri:0, instance:com.make.time.count.A@3b96c42e]" started-at="2023-12-28T15:07:06 IST" name="timeout" finished-at="2023-12-28T15:07:06 IST" duration-ms="9" status="PASS">
          <reporter-output>
          </reporter-output>
        </test-method> <!-- timeout -->
        <test-method signature="loginPage()[pri:1, instance:com.make.time.count.A@3b96c42e]" started-at="2023-12-28T15:07:06 IST" name="loginPage" finished-at="2023-12-28T15:07:07 IST" duration-ms="1353" status="PASS">
          <reporter-output>
          </reporter-output>
        </test-method> <!-- loginPage -->
      </class> <!-- com.make.time.count.A -->
    </test> <!-- Default test -->
  </suite> <!-- Default suite -->
</testng-results>
